SF:lib\main.dart
DA:7,0
DA:10,2
DA:12,1
DA:14,1
DA:15,1
DA:16,1
DA:17,1
DA:20,1
DA:22,1
DA:26,1
LF:10
LH:9
end_of_record
SF:lib\screens\appointment_list_screen.dart
DA:4,0
DA:6,1
LF:2
LH:1
end_of_record
SF:lib\screens\help_screen.dart
DA:4,1
DA:6,2
LF:2
LH:2
end_of_record
SF:lib\screens\medication_list_screen.dart
DA:4,0
DA:6,1
LF:2
LH:1
end_of_record
SF:lib\screens\messages_screen.dart
DA:4,0
DA:6,1
LF:2
LH:1
end_of_record
SF:lib\router\app_router.dart
DA:10,6
DA:12,2
DA:14,2
DA:17,1
DA:19,2
DA:22,0
DA:24,2
DA:27,0
DA:31,2
DA:34,0
DA:36,2
DA:39,0
DA:43,2
DA:46,0
DA:48,2
DA:51,0
DA:52,0
DA:54,0
DA:55,0
DA:56,0
LF:20
LH:10
end_of_record
SF:lib\providers\auth_provider.dart
DA:8,8
DA:9,4
DA:10,2
DA:12,3
DA:13,6
DA:14,3
DA:17,1
DA:18,2
DA:19,1
DA:22,1
DA:23,1
DA:24,1
DA:25,1
DA:29,2
DA:30,2
DA:31,2
LF:16
LH:16
end_of_record
SF:lib\providers\patient_provider.dart
DA:11,0
DA:13,3
DA:14,3
DA:18,3
DA:19,3
DA:20,0
DA:24,3
DA:26,3
DA:27,0
DA:28,0
DA:29,0
DA:30,0
DA:33,0
DA:34,0
DA:35,0
DA:37,0
DA:41,0
DA:42,0
DA:43,0
DA:45,0
DA:47,0
DA:51,0
DA:52,0
DA:53,0
DA:54,0
DA:55,0
DA:60,0
DA:61,0
DA:62,0
DA:63,0
DA:66,0
DA:67,0
DA:68,0
DA:69,0
DA:70,0
DA:71,0
DA:75,0
DA:76,0
DA:77,0
DA:78,0
DA:81,0
DA:83,0
LF:42
LH:6
end_of_record
SF:lib\models\patient.dart
DA:7,3
DA:15,2
DA:16,1
DA:17,1
DA:18,1
DA:19,1
DA:23,2
DA:24,1
DA:25,1
DA:26,1
DA:27,1
LF:11
LH:11
end_of_record
SF:lib\models\user.dart
DA:5,4
LF:1
LH:1
end_of_record
SF:lib\screens\landing_screen.dart
DA:6,2
DA:8,2
DA:10,2
DA:11,2
DA:13,2
DA:14,2
DA:16,2
DA:18,2
DA:19,2
DA:20,2
DA:21,2
DA:23,2
DA:26,2
DA:28,2
DA:37,2
DA:39,2
DA:40,2
DA:41,0
DA:42,0
DA:44,2
DA:46,2
DA:56,2
DA:58,2
DA:59,2
DA:60,0
DA:61,0
DA:63,2
DA:65,2
DA:75,2
DA:77,4
DA:78,2
DA:85,2
DA:86,2
DA:88,2
DA:95,2
DA:99,2
DA:102,2
DA:111,2
DA:115,2
DA:118,2
DA:127,2
DA:131,2
DA:134,2
DA:142,2
DA:146,2
DA:149,2
DA:157,2
DA:159,4
DA:160,2
DA:163,2
DA:164,0
DA:165,0
DA:167,2
DA:169,2
DA:170,2
DA:173,2
DA:175,2
DA:186,2
DA:190,2
DA:191,2
DA:192,0
DA:193,0
DA:195,2
DA:197,2
LF:64
LH:56
end_of_record
SF:lib\screens\signup_screen.dart
DA:8,2
DA:10,1
DA:12,1
DA:14,1
DA:16,1
DA:19,1
DA:20,0
DA:21,0
DA:23,1
DA:25,1
DA:32,1
DA:33,1
DA:35,1
DA:44,1
DA:45,1
DA:46,1
DA:49,1
DA:53,1
DA:54,1
DA:56,1
DA:57,1
DA:59,1
DA:66,1
DA:68,1
DA:74,1
DA:77,1
DA:78,1
DA:80,1
DA:82,1
DA:88,1
DA:91,1
DA:92,1
DA:93,1
DA:96,1
DA:97,1
DA:99,1
DA:101,1
DA:107,1
DA:110,1
DA:111,1
DA:112,1
DA:115,1
DA:118,1
DA:121,1
DA:122,0
DA:123,0
DA:124,0
DA:125,0
DA:127,1
DA:129,1
DA:130,1
DA:133,1
DA:135,1
DA:147,1
DA:150,1
DA:151,0
DA:152,0
DA:154,1
DA:156,1
DA:173,1
DA:174,1
DA:175,1
DA:176,1
DA:178,1
DA:188,1
DA:189,1
DA:191,1
DA:193,1
DA:195,1
DA:199,1
DA:200,1
DA:203,1
DA:204,1
DA:207,1
DA:208,1
LF:75
LH:67
end_of_record
SF:lib\screens\signin_screen.dart
DA:8,2
DA:10,1
DA:12,1
DA:14,1
DA:16,1
DA:19,1
DA:20,0
DA:21,0
DA:23,1
DA:25,1
DA:32,1
DA:33,1
DA:35,1
DA:44,1
DA:45,1
DA:46,1
DA:49,1
DA:53,1
DA:54,1
DA:56,1
DA:57,1
DA:59,1
DA:65,1
DA:68,1
DA:69,1
DA:70,1
DA:73,1
DA:74,1
DA:75,1
DA:78,1
DA:81,1
DA:84,1
DA:85,0
DA:86,0
DA:87,0
DA:88,0
DA:90,1
DA:92,1
DA:93,1
DA:96,1
DA:98,1
DA:110,1
DA:113,1
DA:115,1
DA:126,1
DA:129,1
DA:130,0
DA:131,0
DA:133,1
DA:135,1
DA:152,1
DA:153,1
DA:154,1
DA:155,1
DA:157,1
DA:167,1
DA:168,1
DA:170,1
DA:172,1
DA:174,1
DA:178,1
DA:179,1
DA:182,1
DA:183,1
DA:186,1
DA:187,1
LF:66
LH:58
end_of_record
SF:lib\screens\role_selection_screen.dart
DA:7,2
DA:9,1
DA:11,1
DA:12,1
DA:14,1
DA:16,1
DA:21,1
DA:23,0
DA:26,1
DA:28,1
DA:30,1
DA:31,1
DA:34,1
DA:35,1
DA:36,1
DA:37,1
DA:38,3
DA:50,1
DA:53,1
DA:59,0
DA:60,0
DA:61,0
DA:67,1
DA:70,1
DA:76,0
DA:77,0
DA:78,0
DA:89,1
DA:97,1
DA:99,1
DA:101,1
DA:102,1
DA:104,1
DA:106,1
DA:107,1
DA:109,1
DA:110,1
DA:111,1
DA:113,1
DA:114,1
DA:115,1
DA:117,1
DA:120,1
DA:121,1
DA:123,1
DA:124,1
DA:131,1
LF:47
LH:40
end_of_record
SF:lib\screens\home_screen.dart
DA:12,2
DA:14,1
DA:15,1
DA:21,1
DA:23,2
DA:24,1
DA:28,1
DA:29,1
DA:30,1
DA:31,1
DA:32,1
DA:34,1
DA:35,1
DA:36,1
DA:37,1
DA:38,1
DA:39,1
DA:86,3
DA:87,0
DA:90,1
DA:91,1
DA:92,1
DA:95,1
DA:108,1
DA:110,1
DA:112,1
DA:113,1
DA:116,1
DA:118,1
DA:120,1
DA:129,2
DA:130,1
DA:131,1
DA:132,1
DA:133,2
DA:134,1
LF:36
LH:35
end_of_record
SF:lib\screens\add_edit_patient_screen.dart
DA:9,3
DA:11,1
DA:12,1
DA:22,1
DA:24,1
DA:25,3
DA:26,5
DA:27,2
DA:28,4
DA:30,2
DA:31,3
DA:35,1
DA:37,2
DA:38,2
DA:39,2
DA:40,1
DA:43,1
DA:44,3
DA:45,0
DA:47,0
DA:49,0
DA:50,0
DA:51,0
DA:52,0
DA:53,0
DA:55,0
DA:58,0
DA:59,0
DA:60,0
DA:61,0
DA:62,0
DA:64,0
DA:68,0
DA:72,1
DA:74,1
DA:75,1
DA:76,2
DA:81,1
DA:83,1
DA:84,1
DA:85,1
DA:86,1
DA:88,1
DA:90,1
DA:91,1
DA:96,1
DA:97,2
DA:107,1
DA:109,1
DA:110,1
DA:116,1
DA:117,2
DA:120,0
DA:130,1
DA:132,1
DA:133,1
DA:143,1
DA:145,1
DA:146,1
DA:149,1
DA:150,1
DA:151,1
DA:153,1
DA:154,1
DA:157,1
DA:158,1
LF:66
LH:50
end_of_record
SF:lib\screens\caregiver_activity_screen.dart
DA:4,1
DA:6,1
DA:8,1
DA:10,1
DA:11,1
DA:12,1
DA:13,1
DA:14,1
DA:21,1
DA:22,1
DA:25,1
DA:27,1
DA:28,1
DA:29,1
DA:30,1
DA:33,1
DA:36,1
DA:38,1
DA:44,1
DA:46,1
DA:48,1
DA:49,2
DA:61,1
DA:63,1
DA:64,1
DA:65,1
DA:72,1
DA:75,1
DA:77,1
DA:78,1
DA:88,1
DA:110,1
DA:111,1
DA:114,1
DA:116,1
DA:117,1
DA:120,1
DA:121,1
DA:138,1
DA:141,1
DA:142,1
DA:145,1
DA:147,1
DA:150,1
DA:152,1
DA:155,1
DA:157,1
DA:160,1
DA:162,1
DA:165,1
DA:171,1
DA:173,1
DA:175,1
DA:176,1
DA:178,1
DA:179,1
DA:200,1
DA:201,1
DA:203,1
DA:205,1
DA:206,1
DA:208,1
DA:210,1
DA:211,1
DA:212,1
DA:222,1
LF:66
LH:66
end_of_record
SF:lib\screens\caregiver_appointments_screen.dart
DA:4,1
DA:6,1
DA:8,1
DA:10,1
DA:12,1
DA:14,1
DA:15,1
DA:17,1
DA:19,1
DA:25,1
DA:38,1
DA:39,1
DA:40,1
DA:41,1
DA:44,1
DA:47,1
DA:49,1
DA:55,1
DA:57,1
DA:59,1
DA:71,1
DA:73,1
DA:74,1
DA:75,1
DA:83,1
DA:84,1
DA:87,1
DA:89,1
DA:91,1
DA:92,2
DA:94,1
DA:96,1
DA:97,1
DA:122,1
DA:129,1
DA:132,1
DA:134,1
DA:136,1
DA:141,1
DA:143,1
DA:144,1
DA:145,1
DA:148,1
DA:149,1
DA:151,1
DA:160,1
DA:162,1
DA:163,1
DA:166,1
DA:167,1
DA:172,1
DA:173,1
DA:174,1
DA:177,1
DA:178,1
DA:182,1
DA:183,1
DA:185,1
DA:187,1
DA:188,1
DA:190,1
DA:192,1
DA:195,1
DA:196,1
DA:201,1
DA:202,1
DA:203,1
DA:204,1
DA:207,1
DA:208,0
DA:209,1
DA:211,2
DA:225,1
DA:228,1
DA:229,0
DA:230,1
DA:233,2
LF:77
LH:75
end_of_record
SF:lib\screens\caregiver_medications_screen.dart
DA:4,1
DA:6,1
DA:8,1
DA:10,1
DA:11,1
DA:12,1
DA:13,1
DA:14,1
DA:15,1
DA:22,1
DA:23,1
DA:26,1
DA:27,1
DA:28,1
DA:31,1
DA:34,1
DA:36,1
DA:42,1
DA:44,1
DA:46,1
DA:58,1
DA:60,1
DA:61,1
DA:62,1
DA:71,1
DA:72,1
DA:75,1
DA:77,1
DA:78,1
DA:81,1
DA:83,1
DA:85,1
DA:86,2
DA:88,1
DA:90,1
DA:91,1
DA:101,1
DA:124,1
DA:125,1
DA:128,1
DA:129,1
DA:130,1
DA:136,1
DA:147,1
DA:153,1
DA:155,2
DA:156,1
DA:158,1
DA:160,1
DA:161,1
DA:166,1
DA:168,1
DA:169,1
DA:170,1
DA:172,1
DA:175,1
DA:177,1
DA:179,1
DA:181,1
DA:183,1
DA:186,1
DA:190,1
DA:191,1
DA:192,1
DA:193,1
DA:194,1
DA:195,1
DA:196,1
DA:197,1
DA:200,1
DA:201,0
DA:202,1
DA:204,2
DA:218,1
DA:221,1
DA:222,0
DA:223,1
DA:226,2
LF:78
LH:76
end_of_record
SF:lib\screens\patient_list_screen.dart
DA:7,1
DA:9,2
DA:11,4
DA:13,2
DA:14,2
DA:15,2
DA:17,1
DA:18,1
DA:19,1
DA:20,1
DA:21,1
DA:23,2
DA:24,1
DA:25,2
DA:26,4
DA:27,0
DA:29,0
DA:31,0
DA:38,2
DA:41,2
DA:42,0
DA:44,0
LF:22
LH:17
end_of_record
SF:lib\screens\profile_screen.dart
DA:7,1
DA:9,2
DA:11,2
DA:12,2
DA:15,4
DA:16,6
DA:20,2
DA:23,2
DA:25,2
DA:27,2
DA:28,2
DA:30,2
DA:32,2
DA:35,2
DA:37,2
DA:38,2
DA:41,2
DA:52,2
DA:55,2
DA:64,2
DA:66,2
DA:68,2
DA:72,2
DA:74,2
DA:76,2
DA:88,2
DA:89,2
DA:90,2
DA:91,2
DA:92,2
DA:97,2
DA:100,2
DA:102,2
DA:103,0
DA:104,0
DA:105,0
DA:107,2
DA:108,2
DA:111,2
DA:112,2
DA:133,2
DA:134,2
DA:135,2
DA:138,2
DA:139,2
DA:140,2
DA:141,4
DA:143,2
DA:144,2
DA:145,2
DA:147,2
DA:154,2
DA:156,2
DA:158,2
LF:54
LH:51
end_of_record
SF:lib\utils\responsive.dart
DA:6,1
DA:7,4
DA:10,5
DA:11,20
DA:14,3
DA:15,9
DA:18,3
DA:19,9
LF:8
LH:8
end_of_record
SF:lib\screens\caregiver_medication_forms_screen.dart
DA:4,1
DA:6,1
DA:8,1
DA:9,1
DA:15,1
DA:17,1
DA:19,1
DA:20,1
DA:22,1
DA:24,1
DA:26,1
DA:33,1
DA:34,1
DA:35,1
DA:36,1
DA:39,1
DA:41,1
DA:46,1
DA:48,1
DA:50,1
DA:62,1
DA:64,1
DA:65,1
DA:66,1
DA:74,1
DA:75,1
DA:77,1
DA:78,1
DA:101,1
DA:102,1
DA:103,1
DA:104,1
DA:105,1
DA:106,1
DA:107,1
DA:108,1
DA:113,1
DA:114,1
DA:117,1
DA:119,1
DA:121,1
DA:122,1
DA:123,1
DA:125,2
DA:131,1
DA:132,1
DA:134,1
DA:136,1
DA:137,1
DA:139,1
DA:141,1
DA:149,1
DA:150,1
DA:152,1
DA:153,1
DA:161,1
DA:162,1
DA:164,1
DA:165,1
DA:178,1
DA:179,1
DA:181,1
DA:182,1
DA:188,1
DA:190,1
DA:191,0
DA:192,1
DA:195,2
LF:68
LH:67
end_of_record
