SF:lib/screens/caregiver_appointments_screen.dart
DA:4,2
DA:6,1
DA:8,1
DA:10,1
DA:12,1
DA:14,1
DA:15,1
DA:17,1
DA:19,1
DA:25,1
DA:38,1
DA:39,1
DA:40,1
DA:41,1
DA:44,1
DA:47,1
DA:49,1
DA:55,1
DA:57,1
DA:59,1
DA:71,1
DA:73,1
DA:74,1
DA:75,1
DA:83,1
DA:84,1
DA:87,1
DA:89,1
DA:91,1
DA:92,2
DA:94,1
DA:96,1
DA:97,1
DA:122,1
DA:129,1
DA:132,1
DA:134,1
DA:136,1
DA:141,1
DA:143,1
DA:144,1
DA:145,1
DA:148,1
DA:149,1
DA:151,1
DA:160,1
DA:162,1
DA:163,1
DA:166,1
DA:167,1
DA:172,1
DA:173,1
DA:174,1
DA:177,1
DA:178,1
DA:182,1
DA:183,1
DA:185,1
DA:187,1
DA:188,1
DA:190,1
DA:192,1
DA:195,1
DA:196,1
DA:201,1
DA:202,1
DA:203,1
DA:204,1
DA:207,1
DA:208,0
DA:209,1
DA:211,2
DA:225,1
DA:228,1
DA:229,0
DA:230,1
DA:233,2
LF:77
LH:75
end_of_record
SF:lib/screens/caregiver_activity_screen.dart
DA:4,2
DA:6,1
DA:8,1
DA:10,1
DA:11,1
DA:12,1
DA:13,1
DA:14,1
DA:21,1
DA:22,1
DA:25,1
DA:27,1
DA:28,1
DA:29,1
DA:30,1
DA:33,1
DA:36,1
DA:38,1
DA:44,1
DA:46,1
DA:48,1
DA:49,2
DA:61,1
DA:63,1
DA:64,1
DA:65,1
DA:72,1
DA:75,1
DA:77,1
DA:78,1
DA:88,1
DA:110,1
DA:111,1
DA:114,1
DA:116,1
DA:117,1
DA:120,1
DA:121,1
DA:138,1
DA:141,1
DA:142,1
DA:145,1
DA:147,1
DA:150,1
DA:152,1
DA:155,1
DA:157,1
DA:160,1
DA:162,1
DA:165,1
DA:171,1
DA:173,1
DA:175,1
DA:176,1
DA:178,1
DA:179,1
DA:200,1
DA:201,1
DA:203,1
DA:205,1
DA:206,1
DA:208,1
DA:210,1
DA:211,1
DA:212,1
DA:222,1
LF:66
LH:66
end_of_record
SF:lib/core/clock.dart
DA:18,2
DA:20,0
DA:21,0
DA:26,7
DA:29,3
DA:35,3
DA:39,10
DA:40,10
DA:43,8
DA:46,2
DA:59,11
DA:62,11
DA:63,44
DA:67,24
DA:70,2
DA:71,2
DA:72,4
DA:73,0
DA:75,2
DA:76,4
DA:77,4
DA:78,4
DA:87,16
DA:88,24
DA:89,24
DA:90,24
DA:93,40
DA:97,55
DA:100,63
DA:104,7
DA:105,28
DA:106,35
DA:107,7
DA:109,24
DA:110,0
DA:113,24
DA:115,8
DA:117,24
DA:118,24
DA:119,24
DA:122,7
DA:124,7
DA:125,21
DA:126,21
DA:127,21
DA:129,2
DA:130,8
DA:132,0
DA:133,0
LF:49
LH:43
end_of_record
SF:lib/core/day_labels.dart
DA:35,24
DA:38,21
DA:45,5
DA:46,30
DA:49,5
DA:50,10
DA:51,2
DA:57,5
DA:58,5
DA:59,5
DA:60,5
DA:61,1
DA:62,5
LF:13
LH:13
end_of_record
SF:lib/core/load_state.dart
DA:9,12
DA:10,12
DA:11,0
DA:12,12
LF:4
LH:3
end_of_record
SF:lib/data/care_providers.dart
DA:19,9
DA:24,1
DA:25,9
DA:27,9
DA:30,9
DA:31,9
DA:32,6
DA:33,6
DA:37,6
DA:41,9
DA:42,6
DA:43,6
DA:47,6
LF:13
LH:13
end_of_record
SF:lib/providers/appointment_provider.dart
DA:14,7
DA:19,7
DA:33,8
DA:34,0
DA:35,0
DA:36,6
DA:37,0
DA:39,14
DA:40,0
DA:43,6
DA:44,12
DA:45,30
DA:46,6
DA:49,5
DA:50,10
DA:51,10
DA:58,7
DA:59,7
DA:60,7
DA:61,7
DA:63,21
DA:64,7
DA:66,0
DA:67,0
DA:69,7
DA:74,1
DA:75,3
DA:76,1
DA:79,6
DA:81,6
DA:82,6
DA:87,6
DA:88,42
DA:91,6
DA:92,30
DA:95,4
DA:96,24
DA:97,8
DA:98,4
DA:101,4
DA:102,20
DA:104,5
DA:105,12
DA:107,1
DA:108,2
DA:109,2
DA:114,0
DA:115,0
DA:117,0
DA:118,0
DA:122,1
DA:123,1
DA:124,2
DA:125,5
DA:127,1
DA:130,0
DA:135,1
DA:136,1
DA:141,2
DA:142,3
DA:144,3
DA:145,3
DA:149,0
DA:150,0
DA:151,0
DA:152,0
DA:153,0
DA:158,0
DA:159,0
DA:160,0
DA:161,0
DA:164,3
DA:165,18
DA:166,6
DA:167,6
DA:168,3
DA:169,3
DA:170,3
DA:171,3
DA:177,3
DA:178,3
DA:179,3
DA:180,6
DA:183,0
DA:184,0
DA:185,0
DA:186,0
DA:187,0
DA:188,0
DA:193,7
DA:194,7
DA:195,7
DA:198,3
DA:200,9
DA:201,3
DA:202,0
DA:203,0
DA:206,0
DA:207,0
LF:99
LH:69
end_of_record
SF:lib/providers/medication_provider.dart
DA:19,7
DA:26,7
DA:51,14
DA:52,0
DA:53,0
DA:54,10
DA:58,10
DA:60,0
DA:63,8
DA:64,21
DA:66,3
DA:69,7
DA:70,42
DA:74,4
DA:75,24
DA:77,6
DA:78,12
DA:79,12
DA:89,7
DA:90,7
DA:91,7
DA:92,7
DA:94,14
DA:95,14
DA:96,14
DA:98,14
DA:99,7
DA:100,7
DA:101,7
DA:102,18
DA:104,7
DA:109,0
DA:110,0
DA:112,7
DA:123,1
DA:124,3
DA:125,1
DA:128,6
DA:130,6
DA:131,6
DA:137,7
DA:138,7
DA:139,14
DA:140,14
DA:141,7
DA:142,7
DA:146,7
DA:147,7
DA:150,7
DA:151,21
DA:152,7
DA:157,14
DA:158,21
DA:159,42
DA:161,7
DA:165,6
DA:166,6
DA:167,15
DA:168,15
DA:169,5
DA:171,12
DA:172,6
DA:173,12
DA:174,12
DA:180,1
DA:181,5
DA:184,1
DA:185,5
DA:188,5
DA:189,30
DA:190,25
DA:192,5
DA:193,25
DA:195,6
DA:196,30
DA:198,0
DA:199,0
DA:202,5
DA:203,25
DA:207,1
DA:208,1
DA:209,2
DA:210,0
DA:211,0
DA:214,15
DA:215,18
DA:219,5
DA:220,25
DA:222,15
DA:227,5
DA:228,10
DA:231,5
DA:232,4
DA:235,10
DA:236,5
DA:237,15
DA:238,5
DA:240,0
DA:244,18
DA:245,4
DA:248,4
DA:249,8
DA:250,20
DA:251,4
DA:256,1
DA:257,2
DA:260,2
DA:261,5
DA:262,3
DA:263,1
DA:264,2
DA:267,2
DA:275,5
DA:284,15
DA:285,10
DA:286,15
DA:287,1
DA:288,20
DA:291,10
DA:295,5
DA:296,5
DA:301,2
DA:306,6
DA:307,6
DA:308,2
DA:309,2
DA:312,0
DA:321,0
DA:322,0
DA:323,0
DA:326,0
DA:330,0
DA:331,0
DA:335,3
DA:336,7
DA:338,0
DA:339,0
DA:340,0
DA:341,0
DA:344,0
DA:345,0
DA:346,0
DA:347,0
DA:348,0
DA:349,0
DA:350,0
DA:351,0
DA:354,0
DA:355,0
DA:356,0
DA:357,0
DA:358,0
DA:359,0
DA:360,0
DA:364,0
DA:365,0
DA:366,0
DA:367,0
DA:368,0
DA:369,0
DA:370,0
DA:376,7
DA:377,14
DA:378,7
DA:381,7
DA:382,7
DA:383,7
DA:386,5
DA:387,30
DA:389,0
DA:390,0
DA:395,5
DA:397,5
DA:398,5
DA:399,0
DA:400,0
DA:403,2
DA:404,2
LF:178
LH:131
end_of_record
SF:lib/services/care_repository.dart
DA:39,11
DA:50,7
DA:52,7
DA:56,14
DA:57,35
DA:60,2
DA:63,0
DA:68,0
DA:70,0
DA:72,0
DA:75,7
DA:77,7
DA:79,7
DA:80,1
DA:83,0
DA:88,5
DA:89,10
DA:91,25
DA:94,7
DA:96,7
DA:98,14
DA:99,35
DA:102,2
DA:105,0
DA:110,3
DA:112,6
DA:114,15
DA:118,10
DA:120,20
DA:121,8
DA:122,4
DA:123,4
DA:125,2
DA:130,4
DA:138,13
DA:139,4
DA:141,0
DA:142,0
DA:146,10
DA:148,30
DA:152,0
DA:156,1
DA:157,2
DA:158,3
DA:160,1
LF:45
LH:36
end_of_record
SF:lib/services/json_store.dart
DA:32,2
DA:38,1
DA:39,3
DA:40,3
DA:43,1
DA:44,2
DA:46,1
DA:48,1
DA:49,1
DA:50,1
DA:53,1
DA:55,1
DA:58,3
DA:59,1
DA:60,2
DA:63,1
DA:65,1
DA:66,2
DA:72,11
DA:73,15
DA:88,3
DA:90,11
DA:91,37
DA:93,0
DA:95,0
DA:96,0
DA:99,11
DA:101,11
DA:102,22
DA:103,11
DA:105,22
DA:108,11
DA:110,11
DA:111,22
DA:112,11
DA:114,22
DA:117,0
DA:119,0
DA:120,0
LF:39
LH:33
end_of_record
SF:lib/data/seed_data.dart
DA:16,12
DA:23,14
DA:24,7
DA:35,7
DA:46,7
DA:57,7
DA:68,7
DA:78,7
DA:91,7
DA:92,14
DA:93,7
DA:94,7
DA:100,7
DA:115,7
DA:121,14
DA:135,7
DA:141,14
DA:150,7
DA:156,14
DA:162,7
DA:168,21
LF:21
LH:21
end_of_record
SF:lib/models/appointment.dart
DA:21,2
DA:22,3
DA:23,0
DA:32,3
DA:39,2
DA:40,2
DA:41,1
DA:42,1
DA:44,2
DA:45,1
DA:57,18
DA:60,6
DA:61,6
DA:62,6
DA:63,24
DA:64,12
DA:65,4
DA:67,6
DA:68,24
DA:70,0
DA:73,0
DA:78,0
DA:79,0
DA:80,0
DA:81,0
DA:82,0
DA:85,14
DA:86,14
DA:87,7
DA:88,14
DA:89,7
DA:92,1
DA:94,1
DA:95,3
DA:96,3
DA:97,3
DA:98,3
DA:100,0
DA:101,0
DA:112,7
DA:124,7
DA:126,4
DA:127,2
DA:128,2
DA:129,2
DA:130,2
DA:131,2
DA:132,4
DA:133,4
DA:134,2
DA:135,2
DA:137,1
DA:138,2
DA:140,2
DA:141,3
DA:142,2
DA:143,2
DA:172,16
DA:173,21
DA:174,36
DA:177,18
DA:179,9
DA:183,24
DA:184,16
DA:185,16
DA:186,1
DA:187,5
DA:188,0
DA:189,0
DA:190,0
DA:191,0
DA:194,0
DA:197,24
DA:202,6
DA:203,6
DA:204,6
DA:205,5
DA:206,10
DA:207,30
DA:208,26
DA:209,36
DA:213,4
DA:214,4
DA:215,16
DA:216,20
DA:217,16
DA:218,20
DA:219,24
DA:220,5
DA:221,4
DA:224,3
DA:236,3
DA:237,3
DA:238,3
DA:239,3
DA:240,3
DA:241,3
DA:242,3
DA:243,3
DA:244,3
DA:245,3
DA:246,3
DA:247,0
DA:250,14
DA:251,7
DA:252,7
DA:253,7
DA:254,7
DA:255,7
DA:256,14
DA:257,14
DA:258,7
DA:259,14
DA:260,7
DA:261,7
DA:264,1
DA:266,1
DA:267,3
DA:268,3
DA:269,3
DA:270,3
DA:271,3
DA:272,3
DA:273,3
DA:274,3
DA:275,3
DA:276,3
DA:277,3
DA:279,0
DA:280,0
DA:281,0
DA:282,0
DA:283,0
DA:284,0
DA:285,0
DA:286,0
DA:287,0
DA:288,0
DA:289,0
DA:290,0
DA:291,0
DA:294,0
DA:295,0
LF:143
LH:112
end_of_record
SF:lib/models/dose_time.dart
DA:23,11
DA:24,33
DA:25,33
DA:28,3
DA:29,3
DA:30,6
DA:31,0
DA:33,15
DA:40,11
DA:41,77
DA:43,40
DA:45,6
DA:46,12
DA:47,10
DA:48,10
DA:54,10
DA:55,20
DA:56,50
DA:57,40
DA:61,30
DA:63,8
DA:65,24
DA:67,3
DA:69,21
DA:71,0
DA:72,0
DA:74,0
DA:75,0
LF:28
LH:23
end_of_record
SF:lib/models/medication.dart
DA:21,4
DA:22,6
DA:23,0
DA:33,8
DA:45,16
DA:47,8
DA:48,16
DA:51,4
DA:52,2
DA:53,2
DA:54,2
DA:55,4
DA:56,2
DA:57,2
DA:58,2
DA:59,2
DA:60,2
DA:61,2
DA:62,2
DA:63,6
DA:64,2
DA:96,4
DA:99,42
DA:102,3
DA:103,3
DA:105,18
DA:106,15
DA:107,12
DA:110,0
DA:122,0
DA:123,0
DA:124,0
DA:125,0
DA:126,0
DA:127,0
DA:128,0
DA:129,0
DA:130,0
DA:131,0
DA:132,0
DA:133,0
DA:136,16
DA:137,8
DA:138,8
DA:139,8
DA:140,16
DA:141,8
DA:142,8
DA:143,8
DA:144,8
DA:145,8
DA:146,8
DA:147,40
DA:150,1
DA:152,1
DA:153,3
DA:154,3
DA:155,3
DA:156,3
DA:157,3
DA:158,3
DA:159,3
DA:160,3
DA:161,3
DA:162,3
DA:163,3
DA:165,0
DA:166,0
DA:167,0
DA:168,0
DA:169,0
DA:170,0
DA:171,0
DA:172,0
DA:173,0
DA:174,0
DA:175,0
DA:176,0
DA:177,0
DA:180,0
DA:181,0
LF:81
LH:52
end_of_record
SF:lib/models/dose.dart
DA:18,8
DA:25,2
DA:26,2
DA:27,4
DA:28,0
DA:30,2
DA:31,2
DA:32,4
DA:33,4
DA:43,16
DA:44,8
DA:45,16
DA:46,16
DA:47,8
DA:50,56
DA:52,1
DA:54,1
DA:55,3
DA:56,3
DA:57,3
DA:59,0
DA:60,0
DA:62,0
DA:63,0
DA:76,4
DA:77,6
DA:78,0
DA:92,4
DA:93,6
DA:94,0
DA:101,6
DA:109,4
DA:110,4
DA:111,4
DA:115,4
DA:116,4
DA:117,2
DA:126,18
DA:127,0
DA:130,4
DA:131,24
DA:133,0
DA:138,0
DA:139,0
DA:140,0
DA:141,0
DA:142,0
DA:143,0
DA:146,12
DA:147,12
DA:148,12
DA:149,12
DA:150,12
DA:151,6
DA:154,1
DA:156,1
DA:157,3
DA:158,3
DA:159,3
DA:160,3
DA:161,3
DA:163,0
DA:164,0
DA:166,0
DA:167,0
DA:179,2
DA:202,8
DA:219,24
DA:220,24
DA:221,24
DA:223,22
DA:224,16
DA:225,10
DA:226,0
DA:228,40
DA:229,40
DA:232,20
DA:234,8
DA:235,8
DA:236,8
DA:237,32
DA:238,24
DA:239,24
DA:243,18
DA:244,18
DA:245,15
DA:246,0
DA:250,2
DA:251,0
DA:254,6
DA:255,6
DA:256,6
DA:257,12
DA:258,5
DA:260,5
DA:262,5
DA:264,5
DA:266,5
DA:267,10
DA:274,6
DA:275,6
DA:276,12
DA:278,4
DA:279,12
DA:281,5
DA:282,0
DA:288,12
DA:289,24
DA:290,18
DA:291,36
DA:294,10
DA:295,15
DA:296,25
DA:297,10
DA:299,0
DA:300,0
DA:301,0
DA:302,0
DA:303,0
DA:304,0
DA:305,0
DA:308,5
DA:309,10
DA:310,10
DA:311,5
DA:312,15
DA:313,0
DA:314,0
DA:317,0
DA:319,0
DA:320,0
DA:321,0
DA:322,0
DA:323,0
DA:325,0
DA:326,0
DA:328,0
DA:329,0
LF:138
LH:96
end_of_record
SF:lib/models/patient.dart
DA:7,3
DA:15,2
DA:16,1
DA:17,1
DA:18,1
DA:19,1
DA:23,2
DA:24,1
DA:25,1
DA:26,1
DA:27,1
LF:11
LH:11
end_of_record
SF:lib/models/user.dart
DA:5,11
LF:1
LH:1
end_of_record
SF:lib/providers/auth_provider.dart
DA:8,14
DA:9,6
DA:10,2
DA:12,10
DA:13,20
DA:14,10
DA:17,1
DA:18,2
DA:19,1
DA:22,1
DA:23,1
DA:24,1
DA:25,1
DA:29,9
DA:30,9
DA:31,9
LF:16
LH:16
end_of_record
SF:lib/providers/patient_provider.dart
DA:11,0
DA:13,3
DA:14,3
DA:18,3
DA:19,3
DA:20,0
DA:24,3
DA:26,3
DA:27,0
DA:28,0
DA:29,0
DA:30,0
DA:33,0
DA:34,0
DA:35,0
DA:37,0
DA:41,0
DA:42,0
DA:43,0
DA:45,0
DA:47,0
DA:51,0
DA:52,0
DA:53,0
DA:54,0
DA:55,0
DA:60,0
DA:61,0
DA:62,0
DA:63,0
DA:66,0
DA:67,0
DA:68,0
DA:69,0
DA:70,0
DA:71,0
DA:75,0
DA:76,0
DA:77,0
DA:78,0
DA:81,0
DA:83,0
LF:42
LH:6
end_of_record
SF:lib/router/app_router.dart
DA:12,9
DA:14,3
DA:16,3
DA:19,1
DA:21,3
DA:24,0
DA:26,3
DA:29,0
DA:33,3
DA:36,0
DA:38,3
DA:41,1
DA:45,3
DA:48,0
DA:50,3
DA:53,0
DA:54,0
DA:56,0
DA:57,0
DA:58,0
DA:88,3
DA:91,2
DA:92,2
DA:95,3
DA:98,2
DA:99,2
LF:26
LH:17
end_of_record
SF:lib/screens/landing_screen.dart
DA:6,2
DA:8,2
DA:10,2
DA:11,2
DA:13,2
DA:14,2
DA:16,2
DA:18,2
DA:19,2
DA:20,2
DA:21,2
DA:23,2
DA:26,2
DA:28,2
DA:37,2
DA:39,2
DA:40,2
DA:41,0
DA:42,0
DA:44,2
DA:46,2
DA:56,2
DA:58,2
DA:59,2
DA:60,0
DA:61,0
DA:63,2
DA:65,2
DA:75,2
DA:77,4
DA:78,2
DA:85,2
DA:86,2
DA:88,2
DA:95,2
DA:99,2
DA:102,2
DA:111,2
DA:115,2
DA:118,2
DA:127,2
DA:131,2
DA:134,2
DA:142,2
DA:146,2
DA:149,2
DA:157,2
DA:159,4
DA:160,2
DA:163,2
DA:164,0
DA:165,0
DA:167,2
DA:169,2
DA:170,2
DA:173,2
DA:175,2
DA:186,2
DA:190,2
DA:191,2
DA:192,0
DA:193,0
DA:195,2
DA:197,2
LF:64
LH:56
end_of_record
SF:lib/screens/signup_screen.dart
DA:8,2
DA:10,1
DA:12,1
DA:14,1
DA:16,1
DA:19,1
DA:20,0
DA:21,0
DA:23,1
DA:25,1
DA:32,1
DA:33,1
DA:35,1
DA:44,1
DA:45,1
DA:46,1
DA:49,1
DA:53,1
DA:54,1
DA:56,1
DA:57,1
DA:59,1
DA:66,1
DA:68,1
DA:74,1
DA:77,1
DA:78,1
DA:80,1
DA:82,1
DA:88,1
DA:91,1
DA:92,1
DA:93,1
DA:96,1
DA:97,1
DA:99,1
DA:101,1
DA:107,1
DA:110,1
DA:111,1
DA:112,1
DA:115,1
DA:118,1
DA:121,1
DA:122,0
DA:123,0
DA:124,0
DA:125,0
DA:127,1
DA:129,1
DA:130,1
DA:133,1
DA:135,1
DA:147,1
DA:150,1
DA:151,0
DA:152,0
DA:154,1
DA:156,1
DA:173,1
DA:174,1
DA:175,1
DA:176,1
DA:178,1
DA:188,1
DA:189,1
DA:191,1
DA:193,1
DA:195,1
DA:199,1
DA:200,1
DA:203,1
DA:204,1
DA:207,1
DA:208,1
LF:75
LH:67
end_of_record
SF:lib/screens/signin_screen.dart
DA:8,2
DA:10,1
DA:12,1
DA:14,1
DA:16,1
DA:19,1
DA:20,0
DA:21,0
DA:23,1
DA:25,1
DA:32,1
DA:33,1
DA:35,1
DA:44,1
DA:45,1
DA:46,1
DA:49,1
DA:53,1
DA:54,1
DA:56,1
DA:57,1
DA:59,1
DA:65,1
DA:68,1
DA:69,1
DA:70,1
DA:73,1
DA:74,1
DA:75,1
DA:78,1
DA:81,1
DA:84,1
DA:85,0
DA:86,0
DA:87,0
DA:88,0
DA:90,1
DA:92,1
DA:93,1
DA:96,1
DA:98,1
DA:110,1
DA:113,1
DA:115,1
DA:126,1
DA:129,1
DA:130,0
DA:131,0
DA:133,1
DA:135,1
DA:152,1
DA:153,1
DA:154,1
DA:155,1
DA:157,1
DA:167,1
DA:168,1
DA:170,1
DA:172,1
DA:174,1
DA:178,1
DA:179,1
DA:182,1
DA:183,1
DA:186,1
DA:187,1
LF:66
LH:58
end_of_record
SF:lib/screens/role_selection_screen.dart
DA:7,2
DA:9,1
DA:11,1
DA:12,1
DA:14,1
DA:16,1
DA:21,1
DA:23,0
DA:26,1
DA:28,1
DA:30,1
DA:31,1
DA:34,1
DA:35,1
DA:36,1
DA:37,1
DA:38,3
DA:50,1
DA:53,1
DA:59,0
DA:60,0
DA:61,0
DA:67,1
DA:70,1
DA:76,0
DA:77,0
DA:78,0
DA:89,1
DA:97,1
DA:99,1
DA:101,1
DA:102,1
DA:104,1
DA:106,1
DA:107,1
DA:109,1
DA:110,1
DA:111,1
DA:113,1
DA:114,1
DA:115,1
DA:117,1
DA:120,1
DA:121,1
DA:123,1
DA:124,1
DA:131,1
LF:47
LH:40
end_of_record
SF:lib/screens/home_screen.dart
DA:15,2
DA:17,2
DA:18,2
DA:24,2
DA:26,4
DA:27,2
DA:31,2
DA:37,2
DA:38,2
DA:40,1
DA:41,1
DA:42,1
DA:43,1
DA:44,1
DA:45,1
DA:98,6
DA:99,0
DA:102,2
DA:103,2
DA:104,2
DA:107,2
DA:120,2
DA:122,2
DA:124,2
DA:125,2
DA:130,2
DA:131,2
DA:133,2
DA:135,2
DA:145,4
DA:146,2
DA:147,2
DA:148,2
DA:149,4
DA:150,2
LF:35
LH:34
end_of_record
SF:lib/screens/add_edit_patient_screen.dart
DA:9,3
DA:11,1
DA:12,1
DA:22,1
DA:24,1
DA:25,3
DA:26,5
DA:27,2
DA:28,4
DA:30,2
DA:31,3
DA:35,1
DA:37,2
DA:38,2
DA:39,2
DA:40,1
DA:43,1
DA:44,3
DA:45,0
DA:47,0
DA:49,0
DA:50,0
DA:51,0
DA:52,0
DA:53,0
DA:55,0
DA:58,0
DA:59,0
DA:60,0
DA:61,0
DA:62,0
DA:64,0
DA:68,0
DA:72,1
DA:74,1
DA:75,1
DA:76,2
DA:81,1
DA:83,1
DA:84,1
DA:85,1
DA:86,1
DA:88,1
DA:90,1
DA:91,1
DA:96,1
DA:97,2
DA:107,1
DA:109,1
DA:110,1
DA:116,1
DA:117,2
DA:120,0
DA:130,1
DA:132,1
DA:133,1
DA:143,1
DA:145,1
DA:146,1
DA:149,1
DA:150,1
DA:151,1
DA:153,1
DA:154,1
DA:157,1
DA:158,1
LF:66
LH:50
end_of_record
SF:lib/screens/appointment_detail_screen.dart
DA:16,1
DA:21,3
DA:23,3
DA:24,6
DA:27,3
DA:28,9
DA:29,3
DA:30,4
DA:31,3
DA:34,3
DA:36,3
DA:44,3
DA:47,3
DA:48,2
DA:52,3
DA:56,6
DA:72,0
DA:74,0
DA:76,0
DA:79,0
DA:80,0
DA:85,0
DA:88,0
DA:89,0
DA:90,0
DA:102,2
DA:104,1
DA:106,1
DA:125,1
DA:128,1
DA:129,0
DA:130,1
DA:144,3
DA:149,3
DA:150,6
DA:152,3
DA:154,3
DA:155,3
DA:156,1
DA:159,1
DA:163,1
DA:165,1
DA:166,1
DA:168,1
DA:170,1
DA:188,3
DA:190,3
DA:191,3
DA:199,3
DA:200,3
DA:201,9
DA:208,3
DA:209,3
DA:210,6
DA:211,0
DA:212,9
DA:215,3
DA:216,3
DA:217,3
DA:219,3
DA:222,3
DA:223,3
DA:224,9
DA:234,3
DA:235,3
DA:238,3
DA:242,3
DA:244,3
DA:246,3
DA:247,3
DA:254,3
DA:255,3
DA:257,6
DA:259,3
DA:270,6
DA:274,3
DA:276,9
DA:277,3
DA:278,3
DA:279,3
DA:281,3
DA:282,3
DA:283,3
DA:287,3
DA:289,3
DA:296,3
DA:297,3
DA:314,9
DA:316,6
DA:317,3
DA:321,3
DA:322,6
DA:323,9
DA:326,3
DA:331,6
DA:334,3
DA:336,3
DA:337,3
LF:98
LH:87
end_of_record
SF:lib/screens/medication_detail_screen.dart
DA:19,1
DA:24,3
DA:26,3
DA:27,6
DA:34,3
DA:35,9
DA:36,3
DA:37,4
DA:38,3
DA:41,3
DA:43,3
DA:47,3
DA:48,3
DA:53,3
DA:56,3
DA:57,2
DA:61,3
DA:65,6
DA:81,0
DA:83,0
DA:85,0
DA:88,0
DA:89,0
DA:94,0
DA:97,0
DA:98,0
DA:99,0
DA:111,2
DA:113,1
DA:115,1
DA:138,1
DA:141,1
DA:142,0
DA:143,1
DA:157,3
DA:162,6
DA:164,3
DA:166,3
DA:167,3
DA:169,3
DA:170,3
DA:178,9
DA:180,6
DA:181,3
DA:185,9
DA:187,6
DA:188,3
DA:192,3
DA:193,6
DA:195,3
DA:196,6
DA:197,3
DA:199,3
DA:200,3
DA:207,3
DA:208,6
DA:211,3
DA:212,9
DA:217,3
DA:218,3
DA:219,3
DA:224,3
DA:226,3
DA:227,3
DA:228,3
DA:230,3
DA:231,12
DA:241,6
DA:244,3
DA:245,6
DA:247,3
DA:251,12
DA:253,6
DA:254,3
DA:258,3
DA:263,6
DA:266,3
DA:268,3
DA:269,3
LF:79
LH:69
end_of_record
SF:lib/theme/app_colors.dart
DA:21,0
DA:125,0
LF:2
LH:0
end_of_record
SF:lib/widgets/section_header.dart
DA:11,5
DA:16,8
DA:18,8
DA:20,8
DA:22,8
DA:24,8
DA:25,8
DA:26,8
DA:33,8
DA:34,4
DA:36,4
DA:37,4
LF:12
LH:12
end_of_record
SF:lib/screens/caregiver_medications_screen.dart
DA:4,1
DA:6,1
DA:8,1
DA:10,1
DA:11,1
DA:12,1
DA:13,1
DA:14,1
DA:15,1
DA:22,1
DA:23,1
DA:26,1
DA:27,1
DA:28,1
DA:31,1
DA:34,1
DA:36,1
DA:42,1
DA:44,1
DA:46,1
DA:58,1
DA:60,1
DA:61,1
DA:62,1
DA:71,1
DA:72,1
DA:75,1
DA:77,1
DA:78,1
DA:81,1
DA:83,1
DA:85,1
DA:86,2
DA:88,1
DA:90,1
DA:91,1
DA:101,1
DA:124,1
DA:125,1
DA:128,1
DA:129,1
DA:130,1
DA:136,1
DA:147,1
DA:153,1
DA:155,2
DA:156,1
DA:158,1
DA:160,1
DA:161,1
DA:166,1
DA:168,1
DA:169,1
DA:170,1
DA:172,1
DA:175,1
DA:177,1
DA:179,1
DA:181,1
DA:183,1
DA:186,1
DA:190,1
DA:191,1
DA:192,1
DA:193,1
DA:194,1
DA:195,1
DA:196,1
DA:197,1
DA:200,1
DA:201,0
DA:202,1
DA:204,2
DA:218,1
DA:221,1
DA:222,0
DA:223,1
DA:226,2
LF:78
LH:76
end_of_record
SF:lib/screens/help_screen.dart
DA:4,2
DA:6,2
LF:2
LH:2
end_of_record
SF:lib/screens/patient_appointments_screen.dart
DA:20,2
DA:22,3
DA:24,3
DA:26,3
DA:28,18
DA:29,3
DA:30,3
DA:32,9
DA:34,3
DA:35,3
DA:36,3
DA:37,3
DA:39,3
DA:41,3
DA:42,3
DA:58,2
DA:69,6
DA:71,3
DA:73,6
DA:75,3
DA:77,4
DA:82,1
DA:84,6
DA:86,3
DA:88,3
DA:94,3
DA:99,3
DA:100,3
DA:101,3
DA:103,3
DA:104,2
DA:106,2
LF:32
LH:32
end_of_record
SF:lib/screens/patient_list_screen.dart
DA:7,1
DA:9,2
DA:11,4
DA:13,2
DA:14,2
DA:15,2
DA:17,1
DA:18,1
DA:19,1
DA:20,1
DA:21,1
DA:23,2
DA:24,1
DA:25,2
DA:26,4
DA:27,0
DA:29,0
DA:31,0
DA:38,2
DA:41,2
DA:42,0
DA:44,0
LF:22
LH:17
end_of_record
SF:lib/screens/patient_medications_screen.dart
DA:26,2
DA:28,3
DA:30,3
DA:31,3
DA:32,3
DA:33,5
DA:35,3
DA:36,3
DA:37,3
DA:38,3
DA:40,3
DA:42,3
DA:43,3
DA:59,2
DA:70,6
DA:71,3
DA:73,6
DA:74,6
DA:76,9
DA:78,6
DA:80,9
DA:82,3
DA:94,3
DA:99,3
DA:101,3
DA:102,3
DA:104,9
DA:105,12
DA:109,3
DA:111,6
DA:113,3
DA:115,6
DA:116,3
DA:117,3
DA:119,3
DA:121,3
DA:122,3
DA:124,3
DA:125,2
DA:127,2
DA:129,3
DA:130,3
DA:133,3
DA:135,3
DA:137,3
DA:138,3
DA:139,3
DA:146,6
DA:147,3
DA:151,3
DA:152,3
DA:159,6
DA:160,3
DA:162,3
DA:163,3
DA:170,3
DA:171,3
DA:172,3
DA:174,3
DA:193,3
DA:196,3
DA:197,3
DA:198,3
DA:199,6
DA:200,9
DA:201,9
LF:66
LH:66
end_of_record
SF:lib/screens/patient_today_screen.dart
DA:35,2
DA:37,4
DA:38,4
DA:43,4
DA:45,4
DA:46,8
DA:49,4
DA:51,8
DA:52,4
DA:55,0
DA:59,0
DA:62,0
DA:63,0
DA:64,0
DA:67,4
DA:69,4
DA:70,4
DA:71,4
DA:73,4
DA:74,4
DA:75,4
DA:76,4
DA:78,4
DA:80,4
DA:81,4
DA:83,4
DA:84,4
DA:85,4
DA:86,6
DA:87,4
DA:88,4
DA:89,4
DA:97,4
DA:98,4
DA:100,4
DA:101,4
DA:113,4
DA:114,8
DA:117,4
DA:118,16
DA:130,4
DA:131,4
DA:134,4
DA:136,4
DA:138,4
DA:139,4
DA:141,4
DA:143,4
DA:144,4
DA:145,4
DA:153,4
DA:154,4
DA:155,4
DA:156,4
DA:157,4
DA:167,4
DA:168,12
DA:179,4
DA:180,8
DA:181,4
DA:183,4
DA:191,4
DA:192,12
DA:194,16
DA:196,12
DA:198,16
DA:200,10
DA:202,8
DA:204,5
DA:206,1
DA:215,8
DA:217,6
DA:218,3
DA:220,3
DA:226,4
DA:227,4
DA:228,4
DA:230,4
DA:231,4
DA:232,8
DA:234,4
DA:235,0
DA:237,0
DA:242,4
DA:244,4
DA:246,4
DA:247,4
DA:249,4
DA:251,4
DA:260,4
DA:261,0
DA:263,0
DA:264,0
DA:281,1
DA:282,1
DA:285,1
DA:288,1
DA:290,1
DA:291,1
DA:293,1
DA:295,1
DA:298,1
DA:299,1
DA:314,4
DA:315,4
DA:318,4
DA:319,4
DA:322,4
DA:331,4
DA:336,4
DA:338,4
DA:340,4
DA:341,4
DA:343,4
DA:345,4
DA:346,4
DA:348,4
DA:349,4
DA:351,4
LF:119
LH:109
end_of_record
SF:lib/screens/profile_screen.dart
DA:7,2
DA:9,1
DA:11,1
DA:12,1
DA:15,2
DA:16,3
DA:20,1
DA:23,1
DA:25,1
DA:27,1
DA:28,1
DA:30,1
DA:32,1
DA:35,1
DA:37,1
DA:38,1
DA:41,1
DA:52,1
DA:55,1
DA:64,1
DA:66,1
DA:68,1
DA:72,1
DA:74,1
DA:76,1
DA:88,1
DA:89,1
DA:90,1
DA:91,1
DA:92,1
DA:97,1
DA:100,1
DA:102,1
DA:103,0
DA:104,0
DA:105,0
DA:107,1
DA:108,1
DA:111,1
DA:112,1
DA:133,1
DA:134,1
DA:135,1
DA:138,1
DA:139,1
DA:140,1
DA:141,2
DA:143,1
DA:144,1
DA:145,1
DA:147,1
DA:154,1
DA:156,1
DA:158,1
LF:54
LH:51
end_of_record
SF:lib/utils/responsive.dart
DA:6,1
DA:7,4
DA:10,11
DA:11,44
DA:14,3
DA:15,9
DA:18,3
DA:19,9
LF:8
LH:8
end_of_record
SF:lib/widgets/dose_tile.dart
DA:27,5
DA:43,5
DA:45,15
DA:46,20
DA:48,5
DA:51,5
DA:53,5
DA:54,5
DA:55,5
DA:62,5
DA:64,5
DA:66,5
DA:68,10
DA:69,5
DA:70,5
DA:72,5
DA:75,5
DA:79,5
DA:80,5
DA:81,15
DA:88,15
DA:92,5
DA:93,15
DA:100,20
DA:101,5
DA:103,5
DA:104,15
DA:111,5
DA:115,5
DA:116,10
DA:117,5
DA:120,10
DA:132,5
DA:134,10
DA:135,5
DA:137,10
DA:138,3
DA:139,3
DA:144,3
DA:155,5
DA:156,5
DA:159,5
DA:176,5
DA:177,4
DA:179,16
DA:180,4
DA:181,4
DA:182,4
LF:48
LH:48
end_of_record
SF:lib/widgets/appointment_tile.dart
DA:12,5
DA:26,4
DA:28,4
DA:29,8
DA:31,4
DA:33,12
DA:34,4
DA:35,4
DA:37,4
DA:39,4
DA:40,4
DA:42,4
DA:43,4
DA:44,4
DA:45,4
DA:48,4
DA:50,4
DA:52,4
DA:56,4
DA:57,16
DA:65,4
DA:66,4
DA:73,4
DA:74,8
DA:75,0
DA:76,12
DA:82,8
DA:83,4
DA:85,4
DA:87,4
DA:94,4
DA:95,4
DA:96,4
DA:106,4
DA:109,4
DA:112,4
DA:117,4
DA:119,4
DA:121,4
DA:122,4
DA:134,4
DA:135,4
DA:136,8
DA:137,4
DA:148,4
DA:149,1
LF:46
LH:45
end_of_record
SF:lib/widgets/care_page.dart
DA:17,6
DA:32,6
DA:34,6
DA:36,6
DA:37,6
DA:38,6
DA:39,6
DA:40,6
DA:42,6
DA:49,6
DA:50,24
DA:51,6
DA:54,6
DA:56,6
DA:59,6
DA:60,6
DA:68,12
DA:69,0
DA:71,0
DA:73,0
DA:76,0
DA:77,0
DA:82,0
DA:83,0
DA:86,0
DA:87,0
DA:88,0
DA:101,6
LF:28
LH:18
end_of_record
SF:lib/theme/status_style.dart
DA:14,2
DA:43,7
DA:45,7
DA:52,7
DA:59,7
DA:66,7
DA:73,7
DA:80,7
LF:8
LH:8
end_of_record
SF:lib/widgets/status_chip.dart
DA:11,6
DA:18,6
DA:20,6
DA:21,6
DA:23,6
DA:24,12
DA:25,6
DA:29,6
DA:32,6
DA:33,30
DA:34,6
DA:35,6
DA:36,6
DA:37,12
LF:14
LH:14
end_of_record
SF:lib/screens/appointment_list_screen.dart
DA:4,1
DA:6,1
LF:2
LH:2
end_of_record
SF:lib/screens/medication_list_screen.dart
DA:4,1
DA:6,1
LF:2
LH:2
end_of_record
SF:lib/screens/messages_screen.dart
DA:4,1
DA:6,1
LF:2
LH:2
end_of_record
SF:lib/main.dart
DA:8,0
DA:11,1
DA:13,1
DA:15,1
DA:16,1
DA:17,1
DA:18,1
DA:22,1
DA:24,1
DA:26,1
DA:30,1
LF:11
LH:10
end_of_record
SF:lib/screens/caregiver_medication_forms_screen.dart
DA:4,1
DA:6,1
DA:8,1
DA:9,1
DA:15,1
DA:17,1
DA:19,1
DA:20,1
DA:22,1
DA:24,1
DA:26,1
DA:33,1
DA:34,1
DA:35,1
DA:36,1
DA:39,1
DA:41,1
DA:46,1
DA:48,1
DA:50,1
DA:62,1
DA:64,1
DA:65,1
DA:66,1
DA:74,1
DA:75,1
DA:77,1
DA:78,1
DA:101,1
DA:102,1
DA:103,1
DA:104,1
DA:105,1
DA:106,1
DA:107,1
DA:108,1
DA:113,1
DA:114,1
DA:117,1
DA:119,1
DA:121,1
DA:122,1
DA:123,1
DA:125,2
DA:131,1
DA:132,1
DA:134,1
DA:136,1
DA:137,1
DA:139,1
DA:141,1
DA:149,1
DA:150,1
DA:152,1
DA:153,1
DA:161,1
DA:162,1
DA:164,1
DA:165,1
DA:178,1
DA:179,1
DA:181,1
DA:182,1
DA:188,1
DA:190,1
DA:191,0
DA:192,1
DA:195,2
LF:68
LH:67
end_of_record
